<?xml version="1.0" encoding="UTF-8"?>
<!-- Generated by org.testng.reporters.JUnitReportReporter -->
<testsuite hostname="LAPTOP-KRNDV7TL" name="practice.Limeroad" tests="34" failures="0" timestamp="1 Jun 2020 05:47:40 GMT" time="202.309" errors="0">
  <testcase name="selectlanguage" time="4.745" classname="practice.Limeroad"/>
  <testcase name="searchproduct" time="1.335" classname="practice.Limeroad"/>
  <testcase name="searchproduct" time="1.313" classname="practice.Limeroad"/>
  <testcase name="searchproduct" time="1.306" classname="practice.Limeroad"/>
  <testcase name="menupage" time="3.340" classname="practice.Limeroad"/>
  <testcase name="searchproduct" time="1.317" classname="practice.Limeroad"/>
  <testcase name="searchproduct" time="1.393" classname="practice.Limeroad"/>
  <testcase name="checkoffer50" time="49.023" classname="practice.Limeroad"/>
  <testcase name="rightclick" time="22.962" classname="practice.Limeroad"/>
  <testcase name="googletitleurl" time="0.059" classname="practice.Limeroad"/>
  <testcase name="searchproduct" time="1.289" classname="practice.Limeroad"/>
  <testcase name="searchproduct" time="1.362" classname="practice.Limeroad"/>
  <testcase name="searchproduct" time="1.284" classname="practice.Limeroad"/>
  <testcase name="searchproduct" time="1.299" classname="practice.Limeroad"/>
  <testcase name="shoppingoffers" time="18.529" classname="practice.Limeroad"/>
  <testcase name="searchproduct" time="1.295" classname="practice.Limeroad"/>
  <testcase name="smartwatches" time="9.211" classname="practice.Limeroad"/>
  <testcase name="searchproduct" time="1.307" classname="practice.Limeroad"/>
  <testcase name="signin" time="22.131" classname="practice.Limeroad"/>
  <testcase name="searchproduct" time="1.357" classname="practice.Limeroad"/>
  <testcase name="searchproduct" time="1.314" classname="practice.Limeroad"/>
  <testcase name="launch" time="11.128" classname="practice.Limeroad"/>
  <testcase name="searchproduct" time="1.262" classname="practice.Limeroad"/>
  <testcase name="inside" time="13.155" classname="practice.Limeroad"/>
  <testcase name="searchproduct" time="1.301" classname="practice.Limeroad"/>
  <testcase name="searchproduct" time="1.319" classname="practice.Limeroad"/>
  <testcase name="searchproduct" time="2.899" classname="practice.Limeroad"/>
  <testcase name="searchproduct" time="1.301" classname="practice.Limeroad"/>
  <testcase name="limeroadtitleurl" time="0.044" classname="practice.Limeroad"/>
  <testcase name="searchproduct" time="1.301" classname="practice.Limeroad"/>
  <testcase name="checkoffer60" time="7.525" classname="practice.Limeroad"/>
  <testcase name="selectwomen" time="1.229" classname="practice.Limeroad"/>
  <testcase name="searchlimeroad" time="11.344" classname="practice.Limeroad"/>
  <testcase name="searchproduct" time="1.330" classname="practice.Limeroad"/>
</testsuite> <!-- practice.Limeroad -->
