<?xml version="1.0" encoding="UTF-8"?>
<!-- Generated by org.testng.reporters.JUnitReportReporter -->
<testsuite hostname="LAPTOP-KRNDV7TL" name="practice.Limeroad" tests="33" failures="0" timestamp="31 May 2020 10:51:31 GMT" time="208.135" errors="0">
  <testcase name="selectlanguage" time="34.187" classname="practice.Limeroad"/>
  <testcase name="searchproduct" time="1.273" classname="practice.Limeroad"/>
  <testcase name="searchproduct" time="1.340" classname="practice.Limeroad"/>
  <testcase name="searchproduct" time="1.293" classname="practice.Limeroad"/>
  <testcase name="menupage" time="4.730" classname="practice.Limeroad"/>
  <testcase name="searchproduct" time="1.305" classname="practice.Limeroad"/>
  <testcase name="searchproduct" time="1.348" classname="practice.Limeroad"/>
  <testcase name="addtocart" time="17.772" classname="practice.Limeroad"/>
  <testcase name="pagetitleurlgoogle" time="0.017" classname="practice.Limeroad"/>
  <testcase name="searchproduct" time="1.264" classname="practice.Limeroad"/>
  <testcase name="searchproduct" time="1.329" classname="practice.Limeroad"/>
  <testcase name="searchproduct" time="1.290" classname="practice.Limeroad"/>
  <testcase name="searchproduct" time="1.359" classname="practice.Limeroad"/>
  <testcase name="shoppingoffers" time="20.122" classname="practice.Limeroad"/>
  <testcase name="searchproduct" time="1.246" classname="practice.Limeroad"/>
  <testcase name="smartwatches" time="9.152" classname="practice.Limeroad"/>
  <testcase name="searchproduct" time="1.376" classname="practice.Limeroad"/>
  <testcase name="signin" time="23.026" classname="practice.Limeroad"/>
  <testcase name="searchproduct" time="1.327" classname="practice.Limeroad"/>
  <testcase name="searchproduct" time="1.259" classname="practice.Limeroad"/>
  <testcase name="launch" time="22.344" classname="practice.Limeroad"/>
  <testcase name="searchproduct" time="1.296" classname="practice.Limeroad"/>
  <testcase name="searchproduct" time="1.322" classname="practice.Limeroad"/>
  <testcase name="searchproduct" time="1.330" classname="practice.Limeroad"/>
  <testcase name="searchproduct" time="1.330" classname="practice.Limeroad"/>
  <testcase name="checkoutoffer70" time="24.211" classname="practice.Limeroad"/>
  <testcase name="searchproduct" time="1.304" classname="practice.Limeroad"/>
  <testcase name="pagetitleurllimeroad" time="1.112" classname="practice.Limeroad"/>
  <testcase name="searchproduct" time="1.338" classname="practice.Limeroad"/>
  <testcase name="checkoffer60" time="7.330" classname="practice.Limeroad"/>
  <testcase name="selectwomen" time="2.056" classname="practice.Limeroad"/>
  <testcase name="Lime" time="15.868" classname="practice.Limeroad"/>
  <testcase name="searchproduct" time="1.279" classname="practice.Limeroad"/>
</testsuite> <!-- practice.Limeroad -->
